<?xml version="1.0" encoding="UTF-8"?>
<!-- Generated by org.testng.reporters.JUnitReportReporter -->
<testsuite hostname="DESKTOP-HIN4ESK" failures="0" tests="1" name="Tests.Roundtriptest" time="40.521" errors="0" timestamp="2024-09-21T12:42:57 IST" skipped="0">
  <testcase classname="Tests.Roundtriptest" name="roundtrip" time="40.521"/>
  <system-out/>
</testsuite> <!-- Tests.Roundtriptest -->
