<?xml version="1.0" encoding="UTF-8"?>
<!-- Generated by org.testng.reporters.JUnitReportReporter -->
<testsuite hostname="DESKTOP-HIN4ESK" failures="0" tests="3" name="Tests.validatetest" time="15.956" errors="0" timestamp="2024-09-21T12:42:57 IST" skipped="0">
  <testcase classname="Tests.validatetest" name="validate" time="3.699"/>
  <system-out/>
  <testcase classname="Tests.validatetest" name="validate" time="8.340"/>
  <system-out/>
  <testcase classname="Tests.validatetest" name="validate" time="3.917"/>
  <system-out/>
</testsuite> <!-- Tests.validatetest -->
