<?xml version="1.0" encoding="UTF-8"?>
<!-- Generated by org.testng.reporters.JUnitReportReporter -->
<testsuite hostname="DESKTOP-HIN4ESK" failures="0" tests="1" name="Tests.Triptest" time="6.166" errors="0" timestamp="2024-09-17T19:49:01 IST" skipped="0">
  <testcase classname="Tests.Triptest" name="oneway" time="6.166"/>
  <system-out/>
</testsuite> <!-- Tests.Triptest -->
