<?xml version="1.0" encoding="UTF-8"?>
<!-- Generated by org.testng.reporters.JUnitReportReporter -->
<testsuite hostname="DESKTOP-HIN4ESK" failures="0" tests="1" name="Tests.Onewaytest" time="47.804" errors="0" timestamp="2024-09-21T12:42:57 IST" skipped="0">
  <testcase classname="Tests.Onewaytest" name="oneway" time="47.804"/>
  <system-out/>
</testsuite> <!-- Tests.Onewaytest -->
