<?xml version="1.0" encoding="UTF-8"?>
<!-- Generated by org.testng.reporters.JUnitReportReporter -->
<testsuite hostname="DESKTOP-HIN4ESK" failures="0" tests="1" name="Tests.Onewaytest" time="51.996" errors="0" timestamp="2024-09-21T16:15:27 IST" skipped="0">
  <testcase classname="Tests.Onewaytest" name="oneway" time="51.996"/>
</testsuite> <!-- Tests.Onewaytest -->
