<?xml version="1.0" encoding="UTF-8"?>
<!-- Generated by org.testng.reporters.JUnitReportReporter -->
<testsuite hostname="DESKTOP-HIN4ESK" failures="0" tests="1" name="Tests.SignupTests" time="85.232" errors="0" timestamp="2024-09-21T16:15:27 IST" skipped="0">
  <testcase classname="Tests.SignupTests" name="signuptest" time="85.232"/>
</testsuite> <!-- Tests.SignupTests -->
