<?xml version="1.0" encoding="UTF-8"?>
<!-- Generated by org.testng.reporters.JUnitReportReporter -->
<testsuite hostname="DESKTOP-HIN4ESK" failures="0" tests="3" name="Tests.validatetest" time="12.386" errors="0" timestamp="2024-09-21T16:15:27 IST" skipped="0">
  <testcase classname="Tests.validatetest" name="validate" time="3.899"/>
  <testcase classname="Tests.validatetest" name="validate" time="4.572"/>
  <testcase classname="Tests.validatetest" name="validate" time="3.915"/>
</testsuite> <!-- Tests.validatetest -->
