<?xml version="1.0" encoding="UTF-8"?>
<!-- Generated by org.testng.reporters.JUnitReportReporter -->
<testsuite hostname="DESKTOP-HIN4ESK" failures="0" tests="1" name="Tests.Roundtriptest" time="42.180" errors="0" timestamp="2024-09-21T16:15:27 IST" skipped="0">
  <testcase classname="Tests.Roundtriptest" name="roundtrip" time="42.180"/>
</testsuite> <!-- Tests.Roundtriptest -->
